<?xml version="1.0" encoding="UTF-8"?>
<!-- Generated by org.testng.reporters.JUnitXMLReporter -->
<testsuite hostname="LAPTOP-0DACUFBP" name="Default test(failed)" tests="6" failures="0" timestamp="18 Dec 2019 09:56:09 GMT" time="37.161" errors="0">
  <testcase name="@BeforeMethod setup" time="0.0" classname="com.Freecrm.qa.TestCasees.HomepageTest">
    <failure type="org.openqa.selenium.TimeoutException" message="timeout
  (Session info: chrome=79.0.3945.79)
Build info: version: &amp;apos;3.141.59&amp;apos;, revision: &amp;apos;e82be7d358&amp;apos;, time: &amp;apos;2018-11-14T08:17:03&amp;apos;
System info: host: &amp;apos;LAPTOP-0DACUFBP&amp;apos;, ip: &amp;apos;192.168.0.111&amp;apos;, os.name: &amp;apos;Windows 10&amp;apos;, os.arch: &amp;apos;amd64&amp;apos;, os.version: &amp;apos;10.0&amp;apos;, java.version: &amp;apos;1.8.0_201&amp;apos;
Driver info: org.openqa.selenium.chrome.ChromeDriver
Capabilities {acceptInsecureCerts: false, browserName: chrome, browserVersion: 79.0.3945.79, chrome: {chromedriverVersion: 78.0.3904.105 (60e2d8774a81..., userDataDir: C:\Users\ABDULR~1\AppData\L...}, goog:chromeOptions: {debuggerAddress: localhost:3263}, javascriptEnabled: true, networkConnectionEnabled: false, pageLoadStrategy: normal, platform: XP, platformName: XP, proxy: Proxy(), setWindowRect: true, strictFileInteractability: false, timeouts: {implicit: 0, pageLoad: 300000, script: 30000}, unhandledPromptBehavior: dismiss and notify}
Session ID: f57298a8c7d9e24a7693d44259facd6c">
      <![CDATA[org.openqa.selenium.TimeoutException: timeout
  (Session info: chrome=79.0.3945.79)
Build info: version: '3.141.59', revision: 'e82be7d358', time: '2018-11-14T08:17:03'
System info: host: 'LAPTOP-0DACUFBP', ip: '192.168.0.111', os.name: 'Windows 10', os.arch: 'amd64', os.version: '10.0', java.version: '1.8.0_201'
Driver info: org.openqa.selenium.chrome.ChromeDriver
Capabilities {acceptInsecureCerts: false, browserName: chrome, browserVersion: 79.0.3945.79, chrome: {chromedriverVersion: 78.0.3904.105 (60e2d8774a81..., userDataDir: C:\Users\ABDULR~1\AppData\L...}, goog:chromeOptions: {debuggerAddress: localhost:3263}, javascriptEnabled: true, networkConnectionEnabled: false, pageLoadStrategy: normal, platform: XP, platformName: XP, proxy: Proxy(), setWindowRect: true, strictFileInteractability: false, timeouts: {implicit: 0, pageLoad: 300000, script: 30000}, unhandledPromptBehavior: dismiss and notify}
Session ID: f57298a8c7d9e24a7693d44259facd6c
	at org.openqa.selenium.remote.http.W3CHttpResponseCodec.createException(W3CHttpResponseCodec.java:187)
	at org.openqa.selenium.remote.http.W3CHttpResponseCodec.decode(W3CHttpResponseCodec.java:122)
	at org.openqa.selenium.remote.http.W3CHttpResponseCodec.decode(W3CHttpResponseCodec.java:49)
	at org.openqa.selenium.remote.HttpCommandExecutor.execute(HttpCommandExecutor.java:158)
	at org.openqa.selenium.remote.service.DriverCommandExecutor.execute(DriverCommandExecutor.java:83)
	at org.openqa.selenium.remote.RemoteWebDriver.execute(RemoteWebDriver.java:552)
	at org.openqa.selenium.remote.RemoteWebDriver.get(RemoteWebDriver.java:277)
	at org.openqa.selenium.support.events.EventFiringWebDriver.lambda$new$1(EventFiringWebDriver.java:105)
	at com.sun.proxy.$Proxy6.get(Unknown Source)
	at org.openqa.selenium.support.events.EventFiringWebDriver.get(EventFiringWebDriver.java:165)
	at Com.FreeCrm.qa.baseclass.TestBase.initialization(TestBase.java:89)
	at com.Freecrm.qa.TestCasees.HomepageTest.setup(HomepageTest.java:31)
... Removed 34 stack frames]]>
    </failure>
  </testcase> <!-- @BeforeMethod setup -->
  <testcase name="@AfterMethod closedown" time="0.0" classname="com.Freecrm.qa.TestCasees.HomepageTest">
    <skipped/>
  </testcase> <!-- @AfterMethod closedown -->
  <testcase name="@BeforeMethod setup" time="0.0" classname="com.Freecrm.qa.TestCasees.HomepageTest">
    <skipped/>
  </testcase> <!-- @BeforeMethod setup -->
  <testcase name="@AfterMethod closedown" time="0.0" classname="com.Freecrm.qa.TestCasees.HomepageTest">
    <skipped/>
  </testcase> <!-- @AfterMethod closedown -->
  <testcase name="@BeforeMethod setup" time="0.0" classname="com.Freecrm.qa.TestCasees.HomepageTest">
    <skipped/>
  </testcase> <!-- @BeforeMethod setup -->
  <testcase name="@AfterMethod closedown" time="0.0" classname="com.Freecrm.qa.TestCasees.HomepageTest">
    <skipped/>
  </testcase> <!-- @AfterMethod closedown -->
  <testcase name="@BeforeMethod setup" time="0.0" classname="com.Freecrm.qa.TestCasees.HomepageTest">
    <skipped/>
  </testcase> <!-- @BeforeMethod setup -->
  <testcase name="@AfterMethod closedown" time="0.0" classname="com.Freecrm.qa.TestCasees.HomepageTest">
    <skipped/>
  </testcase> <!-- @AfterMethod closedown -->
  <testcase name="@BeforeMethod setup" time="0.0" classname="com.Freecrm.qa.TestCasees.HomepageTest">
    <skipped/>
  </testcase> <!-- @BeforeMethod setup -->
  <testcase name="@AfterMethod closedown" time="0.0" classname="com.Freecrm.qa.TestCasees.HomepageTest">
    <skipped/>
  </testcase> <!-- @AfterMethod closedown -->
  <testcase name="@BeforeMethod setup" time="0.0" classname="com.Freecrm.qa.TestCasees.HomepageTest">
    <skipped/>
  </testcase> <!-- @BeforeMethod setup -->
  <testcase name="@AfterMethod closedown" time="0.0" classname="com.Freecrm.qa.TestCasees.HomepageTest">
    <skipped/>
  </testcase> <!-- @AfterMethod closedown -->
  <testcase name="VerifyHomepagetitleTest" time="0.0" classname="com.Freecrm.qa.TestCasees.HomepageTest">
    <skipped/>
  </testcase> <!-- VerifyHomepagetitleTest -->
  <testcase name="VerifyUsernameTest" time="0.0" classname="com.Freecrm.qa.TestCasees.HomepageTest">
    <skipped/>
  </testcase> <!-- VerifyUsernameTest -->
  <testcase name="VerifyContactsLinkTest" time="0.0" classname="com.Freecrm.qa.TestCasees.HomepageTest">
    <skipped/>
  </testcase> <!-- VerifyContactsLinkTest -->
  <testcase name="VerifyDealspageTest" time="0.001" classname="com.Freecrm.qa.TestCasees.HomepageTest">
    <skipped/>
  </testcase> <!-- VerifyDealspageTest -->
  <testcase name="VerifyTaskpageTest" time="0.0" classname="com.Freecrm.qa.TestCasees.HomepageTest">
    <skipped/>
  </testcase> <!-- VerifyTaskpageTest -->
  <testcase name="VerifyCalenderpageTest" time="0.001" classname="com.Freecrm.qa.TestCasees.HomepageTest">
    <skipped/>
  </testcase> <!-- VerifyCalenderpageTest -->
</testsuite> <!-- Default test(failed) -->
