<html>
<head>
<title>TestNG:  Test</title>
<link href="../testng.css" rel="stylesheet" type="text/css" />
<link href="../my-testng.css" rel="stylesheet" type="text/css" />

<style type="text/css">
.log { display: none;} 
.stack-trace { display: none;} 
</style>
<script type="text/javascript">
<!--
function flip(e) {
  current = e.style.display;
  if (current == 'block') {
    e.style.display = 'none';
    return 0;
  }
  else {
    e.style.display = 'block';
    return 1;
  }
}

function toggleBox(szDivId, elem, msg1, msg2)
{
  var res = -1;  if (document.getElementById) {
    res = flip(document.getElementById(szDivId));
  }
  else if (document.all) {
    // this is the way old msie versions work
    res = flip(document.all[szDivId]);
  }
  if(elem) {
    if(res == 0) elem.innerHTML = msg1; else elem.innerHTML = msg2;
  }

}

function toggleAllBoxes() {
  if (document.getElementsByTagName) {
    d = document.getElementsByTagName('div');
    for (i = 0; i < d.length; i++) {
      if (d[i].className == 'log') {
        flip(d[i]);
      }
    }
  }
}

// -->
</script>

</head>
<body>
<h2 align='center'>Test</h2><table border='1' align="center">
<tr>
<td>Tests passed/Failed/Skipped:</td><td>5/1/7</td>
</tr><tr>
<td>Started on:</td><td>Fri Jan 24 11:27:37 IST 2020</td>
</tr>
<tr><td>Total time:</td><td>251 seconds (251632 ms)</td>
</tr><tr>
<td>Included groups:</td><td></td>
</tr><tr>
<td>Excluded groups:</td><td></td>
</tr>
</table><p/>
<small><i>(Hover the method name to see the test class name)</i></small><p/>
<table width='100%' border='1' class='invocation-failed'>
<tr><td colspan='4' align='center'><b>FAILED CONFIGURATIONS</b></td></tr>
<tr><td><b>Test method</b></td>
<td width="30%"><b>Exception</b></td>
<td width="10%"><b>Time (seconds)</b></td>
<td><b>Instance</b></td>
</tr>
<tr>
<td title='com.Freecrm.qa.TestCasees.AddNewContactpageTest.setup()'><b>setup</b><br>Test class: com.Freecrm.qa.TestCasees.AddNewContactpageTest</td>
<td><div><pre>java.lang.NullPointerException
	at com.Freecrm.qa.TestCasees.AddNewContactpageTest.setup(AddNewContactpageTest.java:49)
	at java.util.concurrent.FutureTask.run(FutureTask.java:266)
	at java.util.concurrent.ThreadPoolExecutor.runWorker(ThreadPoolExecutor.java:1149)
	at java.util.concurrent.ThreadPoolExecutor$Worker.run(ThreadPoolExecutor.java:624)
	at java.lang.Thread.run(Thread.java:748)
... Removed 18 stack frames</pre></div><a href='#' onClick='toggleBox("stack-trace1813215241", this, "Click to show all stack frames", "Click to hide stack frames")'>Click to show all stack frames</a>
<div class='stack-trace' id='stack-trace1813215241'><pre>java.lang.NullPointerException
	at com.Freecrm.qa.TestCasees.AddNewContactpageTest.setup(AddNewContactpageTest.java:49)
	at sun.reflect.NativeMethodAccessorImpl.invoke0(Native Method)
	at sun.reflect.NativeMethodAccessorImpl.invoke(NativeMethodAccessorImpl.java:62)
	at sun.reflect.DelegatingMethodAccessorImpl.invoke(DelegatingMethodAccessorImpl.java:43)
	at java.lang.reflect.Method.invoke(Method.java:498)
	at org.testng.internal.MethodInvocationHelper.invokeMethod(MethodInvocationHelper.java:86)
	at org.testng.internal.Invoker.invokeConfigurationMethod(Invoker.java:514)
	at org.testng.internal.Invoker.invokeConfigurations(Invoker.java:215)
	at org.testng.internal.Invoker.invokeMethod(Invoker.java:589)
	at org.testng.internal.Invoker.invokeTestMethod(Invoker.java:822)
	at org.testng.internal.Invoker.invokeTestMethods(Invoker.java:1130)
	at org.testng.internal.TestMethodWorker.invokeTestMethods(TestMethodWorker.java:129)
	at org.testng.internal.TestMethodWorker.run(TestMethodWorker.java:112)
	at org.testng.TestRunner.privateRun(TestRunner.java:782)
	at org.testng.TestRunner.run(TestRunner.java:632)
	at org.testng.SuiteRunner.runTest(SuiteRunner.java:366)
	at org.testng.SuiteRunner.access$000(SuiteRunner.java:39)
	at org.testng.SuiteRunner$SuiteWorker.run(SuiteRunner.java:400)
	at org.testng.internal.thread.ThreadUtil$2.call(ThreadUtil.java:64)
	at java.util.concurrent.FutureTask.run(FutureTask.java:266)
	at java.util.concurrent.ThreadPoolExecutor.runWorker(ThreadPoolExecutor.java:1149)
	at java.util.concurrent.ThreadPoolExecutor$Worker.run(ThreadPoolExecutor.java:624)
	at java.lang.Thread.run(Thread.java:748)
</pre></div></td>
<td>0</td>
<td>com.Freecrm.qa.TestCasees.AddNewContactpageTest@1e643faf</td></tr>
<tr>
<td title='com.Freecrm.qa.TestCasees.HomepageTest.setup()'><b>setup</b><br>Test class: com.Freecrm.qa.TestCasees.HomepageTest</td>
<td><div><pre>org.openqa.selenium.TimeoutException: timeout
  (Session info: chrome=79.0.3945.130)
Build info: version: &apos;3.141.59&apos;, revision: &apos;e82be7d358&apos;, time: &apos;2018-11-14T08:17:03&apos;
System info: host: &apos;LAPTOP-0DACUFBP&apos;, ip: &apos;192.168.0.115&apos;, os.name: &apos;Windows 10&apos;, os.arch: &apos;amd64&apos;, os.version: &apos;10.0&apos;, java.version: &apos;1.8.0_201&apos;
Driver info: org.openqa.selenium.chrome.ChromeDriver
Capabilities {acceptInsecureCerts: false, browserName: chrome, browserVersion: 79.0.3945.130, chrome: {chromedriverVersion: 78.0.3904.105 (60e2d8774a81..., userDataDir: C:\Users\ABDULR~1\AppData\L...}, goog:chromeOptions: {debuggerAddress: localhost:3426}, javascriptEnabled: true, networkConnectionEnabled: false, pageLoadStrategy: normal, platform: XP, platformName: XP, proxy: Proxy(), setWindowRect: true, strictFileInteractability: false, timeouts: {implicit: 0, pageLoad: 300000, script: 30000}, unhandledPromptBehavior: dismiss and notify}
Session ID: a68567ad096a3c22f22c4f8a2c13e517
	at org.openqa.selenium.remote.http.W3CHttpResponseCodec.createException(W3CHttpResponseCodec.java:187)
	at org.openqa.selenium.remote.http.W3CHttpResponseCodec.decode(W3CHttpResponseCodec.java:122)
	at org.openqa.selenium.remote.http.W3CHttpResponseCodec.decode(W3CHttpResponseCodec.java:49)
	at org.openqa.selenium.remote.HttpCommandExecutor.execute(HttpCommandExecutor.java:158)
	at org.openqa.selenium.remote.service.DriverCommandExecutor.execute(DriverCommandExecutor.java:83)
	at org.openqa.selenium.remote.RemoteWebDriver.execute(RemoteWebDriver.java:552)
	at org.openqa.selenium.remote.RemoteWebDriver.get(RemoteWebDriver.java:277)
	at org.openqa.selenium.support.events.EventFiringWebDriver.lambda$new$1(EventFiringWebDriver.java:105)
	at com.sun.proxy.$Proxy7.get(Unknown Source)
	at org.openqa.selenium.support.events.EventFiringWebDriver.get(EventFiringWebDriver.java:165)
	at Com.FreeCrm.qa.baseclass.TestBase.initialization(TestBase.java:82)
	at com.Freecrm.qa.TestCasees.HomepageTest.setup(HomepageTest.java:34)
	at java.util.concurrent.FutureTask.run(FutureTask.java:266)
	at java.util.concurrent.ThreadPoolExecutor.runWorker(ThreadPoolExecutor.java:1149)
	at java.util.concurrent.ThreadPoolExecutor$Worker.run(ThreadPoolExecutor.java:624)
	at java.lang.Thread.run(Thread.java:748)
... Removed 26 stack frames</pre></div><a href='#' onClick='toggleBox("stack-trace1783553518", this, "Click to show all stack frames", "Click to hide stack frames")'>Click to show all stack frames</a>
<div class='stack-trace' id='stack-trace1783553518'><pre>org.openqa.selenium.TimeoutException: timeout
  (Session info: chrome=79.0.3945.130)
Build info: version: &apos;3.141.59&apos;, revision: &apos;e82be7d358&apos;, time: &apos;2018-11-14T08:17:03&apos;
System info: host: &apos;LAPTOP-0DACUFBP&apos;, ip: &apos;192.168.0.115&apos;, os.name: &apos;Windows 10&apos;, os.arch: &apos;amd64&apos;, os.version: &apos;10.0&apos;, java.version: &apos;1.8.0_201&apos;
Driver info: org.openqa.selenium.chrome.ChromeDriver
Capabilities {acceptInsecureCerts: false, browserName: chrome, browserVersion: 79.0.3945.130, chrome: {chromedriverVersion: 78.0.3904.105 (60e2d8774a81..., userDataDir: C:\Users\ABDULR~1\AppData\L...}, goog:chromeOptions: {debuggerAddress: localhost:3426}, javascriptEnabled: true, networkConnectionEnabled: false, pageLoadStrategy: normal, platform: XP, platformName: XP, proxy: Proxy(), setWindowRect: true, strictFileInteractability: false, timeouts: {implicit: 0, pageLoad: 300000, script: 30000}, unhandledPromptBehavior: dismiss and notify}
Session ID: a68567ad096a3c22f22c4f8a2c13e517
	at sun.reflect.NativeConstructorAccessorImpl.newInstance0(Native Method)
	at sun.reflect.NativeConstructorAccessorImpl.newInstance(NativeConstructorAccessorImpl.java:62)
	at sun.reflect.DelegatingConstructorAccessorImpl.newInstance(DelegatingConstructorAccessorImpl.java:45)
	at java.lang.reflect.Constructor.newInstance(Constructor.java:423)
	at org.openqa.selenium.remote.http.W3CHttpResponseCodec.createException(W3CHttpResponseCodec.java:187)
	at org.openqa.selenium.remote.http.W3CHttpResponseCodec.decode(W3CHttpResponseCodec.java:122)
	at org.openqa.selenium.remote.http.W3CHttpResponseCodec.decode(W3CHttpResponseCodec.java:49)
	at org.openqa.selenium.remote.HttpCommandExecutor.execute(HttpCommandExecutor.java:158)
	at org.openqa.selenium.remote.service.DriverCommandExecutor.execute(DriverCommandExecutor.java:83)
	at org.openqa.selenium.remote.RemoteWebDriver.execute(RemoteWebDriver.java:552)
	at org.openqa.selenium.remote.RemoteWebDriver.get(RemoteWebDriver.java:277)
	at sun.reflect.NativeMethodAccessorImpl.invoke0(Native Method)
	at sun.reflect.NativeMethodAccessorImpl.invoke(NativeMethodAccessorImpl.java:62)
	at sun.reflect.DelegatingMethodAccessorImpl.invoke(DelegatingMethodAccessorImpl.java:43)
	at java.lang.reflect.Method.invoke(Method.java:498)
	at org.openqa.selenium.support.events.EventFiringWebDriver.lambda$new$1(EventFiringWebDriver.java:105)
	at com.sun.proxy.$Proxy7.get(Unknown Source)
	at org.openqa.selenium.support.events.EventFiringWebDriver.get(EventFiringWebDriver.java:165)
	at Com.FreeCrm.qa.baseclass.TestBase.initialization(TestBase.java:82)
	at com.Freecrm.qa.TestCasees.HomepageTest.setup(HomepageTest.java:34)
	at sun.reflect.NativeMethodAccessorImpl.invoke0(Native Method)
	at sun.reflect.NativeMethodAccessorImpl.invoke(NativeMethodAccessorImpl.java:62)
	at sun.reflect.DelegatingMethodAccessorImpl.invoke(DelegatingMethodAccessorImpl.java:43)
	at java.lang.reflect.Method.invoke(Method.java:498)
	at org.testng.internal.MethodInvocationHelper.invokeMethod(MethodInvocationHelper.java:86)
	at org.testng.internal.Invoker.invokeConfigurationMethod(Invoker.java:514)
	at org.testng.internal.Invoker.invokeConfigurations(Invoker.java:215)
	at org.testng.internal.Invoker.invokeMethod(Invoker.java:589)
	at org.testng.internal.Invoker.invokeTestMethod(Invoker.java:822)
	at org.testng.internal.Invoker.invokeTestMethods(Invoker.java:1130)
	at org.testng.internal.TestMethodWorker.invokeTestMethods(TestMethodWorker.java:129)
	at org.testng.internal.TestMethodWorker.run(TestMethodWorker.java:112)
	at org.testng.TestRunner.privateRun(TestRunner.java:782)
	at org.testng.TestRunner.run(TestRunner.java:632)
	at org.testng.SuiteRunner.runTest(SuiteRunner.java:366)
	at org.testng.SuiteRunner.access$000(SuiteRunner.java:39)
	at org.testng.SuiteRunner$SuiteWorker.run(SuiteRunner.java:400)
	at org.testng.internal.thread.ThreadUtil$2.call(ThreadUtil.java:64)
	at java.util.concurrent.FutureTask.run(FutureTask.java:266)
	at java.util.concurrent.ThreadPoolExecutor.runWorker(ThreadPoolExecutor.java:1149)
	at java.util.concurrent.ThreadPoolExecutor$Worker.run(ThreadPoolExecutor.java:624)
	at java.lang.Thread.run(Thread.java:748)
</pre></div></td>
<td>0</td>
<td>com.Freecrm.qa.TestCasees.HomepageTest@3b6eb2ec</td></tr>
</table><p>
<table width='100%' border='1' class='invocation-skipped'>
<tr><td colspan='4' align='center'><b>SKIPPED CONFIGURATIONS</b></td></tr>
<tr><td><b>Test method</b></td>
<td width="30%"><b>Exception</b></td>
<td width="10%"><b>Time (seconds)</b></td>
<td><b>Instance</b></td>
</tr>
<tr>
<td title='com.Freecrm.qa.TestCasees.AddNewContactpageTest.setup()'><b>setup</b><br>Test class: com.Freecrm.qa.TestCasees.AddNewContactpageTest</td>
<td></td>
<td>0</td>
<td>com.Freecrm.qa.TestCasees.AddNewContactpageTest@1e643faf</td></tr>
<tr>
<td title='com.Freecrm.qa.TestCasees.AddNewContactpageTest.setup()'><b>setup</b><br>Test class: com.Freecrm.qa.TestCasees.AddNewContactpageTest</td>
<td></td>
<td>0</td>
<td>com.Freecrm.qa.TestCasees.AddNewContactpageTest@1e643faf</td></tr>
<tr>
<td title='com.Freecrm.qa.TestCasees.AddNewContactpageTest.setup()'><b>setup</b><br>Test class: com.Freecrm.qa.TestCasees.AddNewContactpageTest</td>
<td></td>
<td>0</td>
<td>com.Freecrm.qa.TestCasees.AddNewContactpageTest@1e643faf</td></tr>
<tr>
<td title='com.Freecrm.qa.TestCasees.HomepageTest.setup()'><b>setup</b><br>Test class: com.Freecrm.qa.TestCasees.HomepageTest</td>
<td></td>
<td>0</td>
<td>com.Freecrm.qa.TestCasees.HomepageTest@3b6eb2ec</td></tr>
<tr>
<td title='com.Freecrm.qa.TestCasees.HomepageTest.setup()'><b>setup</b><br>Test class: com.Freecrm.qa.TestCasees.HomepageTest</td>
<td></td>
<td>0</td>
<td>com.Freecrm.qa.TestCasees.HomepageTest@3b6eb2ec</td></tr>
<tr>
<td title='com.Freecrm.qa.TestCasees.HomepageTest.closedown()'><b>closedown</b><br>Test class: com.Freecrm.qa.TestCasees.HomepageTest</td>
<td></td>
<td>0</td>
<td>com.Freecrm.qa.TestCasees.HomepageTest@3b6eb2ec</td></tr>
<tr>
<td title='com.Freecrm.qa.TestCasees.HomepageTest.closedown()'><b>closedown</b><br>Test class: com.Freecrm.qa.TestCasees.HomepageTest</td>
<td></td>
<td>0</td>
<td>com.Freecrm.qa.TestCasees.HomepageTest@3b6eb2ec</td></tr>
<tr>
<td title='com.Freecrm.qa.TestCasees.HomepageTest.closedown()'><b>closedown</b><br>Test class: com.Freecrm.qa.TestCasees.HomepageTest</td>
<td></td>
<td>0</td>
<td>com.Freecrm.qa.TestCasees.HomepageTest@3b6eb2ec</td></tr>
</table><p>
<table width='100%' border='1' class='invocation-failed'>
<tr><td colspan='4' align='center'><b>FAILED TESTS</b></td></tr>
<tr><td><b>Test method</b></td>
<td width="30%"><b>Exception</b></td>
<td width="10%"><b>Time (seconds)</b></td>
<td><b>Instance</b></td>
</tr>
<tr>
<td title='com.Freecrm.qa.TestCasees.ContactspageTest.VerifyAddcontactlinkTest()'><b>VerifyAddcontactlinkTest</b><br>Test class: com.Freecrm.qa.TestCasees.ContactspageTest</td>
<td><div><pre>org.openqa.selenium.NoSuchElementException: no such element: Unable to locate element: {&quot;method&quot;:&quot;xpath&quot;,&quot;selector&quot;:&quot;//button[contains(text(),&apos;New66&apos;)]&quot;}
  (Session info: chrome=79.0.3945.130)
For documentation on this error, please visit: https://www.seleniumhq.org/exceptions/no_such_element.html
Build info: version: &apos;3.141.59&apos;, revision: &apos;e82be7d358&apos;, time: &apos;2018-11-14T08:17:03&apos;
System info: host: &apos;LAPTOP-0DACUFBP&apos;, ip: &apos;192.168.0.115&apos;, os.name: &apos;Windows 10&apos;, os.arch: &apos;amd64&apos;, os.version: &apos;10.0&apos;, java.version: &apos;1.8.0_201&apos;
Driver info: org.openqa.selenium.chrome.ChromeDriver
Capabilities {acceptInsecureCerts: false, browserName: chrome, browserVersion: 79.0.3945.130, chrome: {chromedriverVersion: 78.0.3904.105 (60e2d8774a81..., userDataDir: C:\Users\ABDULR~1\AppData\L...}, goog:chromeOptions: {debuggerAddress: localhost:3120}, javascriptEnabled: true, networkConnectionEnabled: false, pageLoadStrategy: normal, platform: XP, platformName: XP, proxy: Proxy(), setWindowRect: true, strictFileInteractability: false, timeouts: {implicit: 0, pageLoad: 300000, script: 30000}, unhandledPromptBehavior: dismiss and notify}
Session ID: b8b4a3118413186cda230ea11e5042f7
*** Element info: {Using=xpath, value=//button[contains(text(),&apos;New66&apos;)]}
	at org.openqa.selenium.remote.http.W3CHttpResponseCodec.createException(W3CHttpResponseCodec.java:187)
	at org.openqa.selenium.remote.http.W3CHttpResponseCodec.decode(W3CHttpResponseCodec.java:122)
	at org.openqa.selenium.remote.http.W3CHttpResponseCodec.decode(W3CHttpResponseCodec.java:49)
	at org.openqa.selenium.remote.HttpCommandExecutor.execute(HttpCommandExecutor.java:158)
	at org.openqa.selenium.remote.service.DriverCommandExecutor.execute(DriverCommandExecutor.java:83)
	at org.openqa.selenium.remote.RemoteWebDriver.execute(RemoteWebDriver.java:552)
	at org.openqa.selenium.remote.RemoteWebDriver.findElement(RemoteWebDriver.java:323)
	at org.openqa.selenium.remote.RemoteWebDriver.findElementByXPath(RemoteWebDriver.java:428)
	at org.openqa.selenium.By$ByXPath.findElement(By.java:353)
	at org.openqa.selenium.remote.RemoteWebDriver.findElement(RemoteWebDriver.java:315)
	at org.openqa.selenium.support.events.EventFiringWebDriver.lambda$new$1(EventFiringWebDriver.java:105)
	at com.sun.proxy.$Proxy7.findElement(Unknown Source)
	at org.openqa.selenium.support.events.EventFiringWebDriver.findElement(EventFiringWebDriver.java:194)
	at org.openqa.selenium.support.pagefactory.DefaultElementLocator.findElement(DefaultElementLocator.java:69)
	at org.openqa.selenium.support.pagefactory.internal.LocatingElementHandler.invoke(LocatingElementHandler.java:38)
	at com.sun.proxy.$Proxy11.click(Unknown Source)
	at Com.FreeCrm.qa.pages.ContactsPage.VerifyAddContactBtn(ContactsPage.java:26)
	at com.Freecrm.qa.TestCasees.ContactspageTest.VerifyAddcontactlinkTest(ContactspageTest.java:55)
	at java.util.concurrent.FutureTask.run(FutureTask.java:266)
	at java.util.concurrent.ThreadPoolExecutor.runWorker(ThreadPoolExecutor.java:1149)
	at java.util.concurrent.ThreadPoolExecutor$Worker.run(ThreadPoolExecutor.java:624)
	at java.lang.Thread.run(Thread.java:748)
... Removed 24 stack frames</pre></div><a href='#' onClick='toggleBox("stack-trace1076223892", this, "Click to show all stack frames", "Click to hide stack frames")'>Click to show all stack frames</a>
<div class='stack-trace' id='stack-trace1076223892'><pre>org.openqa.selenium.NoSuchElementException: no such element: Unable to locate element: {&quot;method&quot;:&quot;xpath&quot;,&quot;selector&quot;:&quot;//button[contains(text(),&apos;New66&apos;)]&quot;}
  (Session info: chrome=79.0.3945.130)
For documentation on this error, please visit: https://www.seleniumhq.org/exceptions/no_such_element.html
Build info: version: &apos;3.141.59&apos;, revision: &apos;e82be7d358&apos;, time: &apos;2018-11-14T08:17:03&apos;
System info: host: &apos;LAPTOP-0DACUFBP&apos;, ip: &apos;192.168.0.115&apos;, os.name: &apos;Windows 10&apos;, os.arch: &apos;amd64&apos;, os.version: &apos;10.0&apos;, java.version: &apos;1.8.0_201&apos;
Driver info: org.openqa.selenium.chrome.ChromeDriver
Capabilities {acceptInsecureCerts: false, browserName: chrome, browserVersion: 79.0.3945.130, chrome: {chromedriverVersion: 78.0.3904.105 (60e2d8774a81..., userDataDir: C:\Users\ABDULR~1\AppData\L...}, goog:chromeOptions: {debuggerAddress: localhost:3120}, javascriptEnabled: true, networkConnectionEnabled: false, pageLoadStrategy: normal, platform: XP, platformName: XP, proxy: Proxy(), setWindowRect: true, strictFileInteractability: false, timeouts: {implicit: 0, pageLoad: 300000, script: 30000}, unhandledPromptBehavior: dismiss and notify}
Session ID: b8b4a3118413186cda230ea11e5042f7
*** Element info: {Using=xpath, value=//button[contains(text(),&apos;New66&apos;)]}
	at sun.reflect.NativeConstructorAccessorImpl.newInstance0(Native Method)
	at sun.reflect.NativeConstructorAccessorImpl.newInstance(NativeConstructorAccessorImpl.java:62)
	at sun.reflect.DelegatingConstructorAccessorImpl.newInstance(DelegatingConstructorAccessorImpl.java:45)
	at java.lang.reflect.Constructor.newInstance(Constructor.java:423)
	at org.openqa.selenium.remote.http.W3CHttpResponseCodec.createException(W3CHttpResponseCodec.java:187)
	at org.openqa.selenium.remote.http.W3CHttpResponseCodec.decode(W3CHttpResponseCodec.java:122)
	at org.openqa.selenium.remote.http.W3CHttpResponseCodec.decode(W3CHttpResponseCodec.java:49)
	at org.openqa.selenium.remote.HttpCommandExecutor.execute(HttpCommandExecutor.java:158)
	at org.openqa.selenium.remote.service.DriverCommandExecutor.execute(DriverCommandExecutor.java:83)
	at org.openqa.selenium.remote.RemoteWebDriver.execute(RemoteWebDriver.java:552)
	at org.openqa.selenium.remote.RemoteWebDriver.findElement(RemoteWebDriver.java:323)
	at org.openqa.selenium.remote.RemoteWebDriver.findElementByXPath(RemoteWebDriver.java:428)
	at org.openqa.selenium.By$ByXPath.findElement(By.java:353)
	at org.openqa.selenium.remote.RemoteWebDriver.findElement(RemoteWebDriver.java:315)
	at sun.reflect.NativeMethodAccessorImpl.invoke0(Native Method)
	at sun.reflect.NativeMethodAccessorImpl.invoke(NativeMethodAccessorImpl.java:62)
	at sun.reflect.DelegatingMethodAccessorImpl.invoke(DelegatingMethodAccessorImpl.java:43)
	at java.lang.reflect.Method.invoke(Method.java:498)
	at org.openqa.selenium.support.events.EventFiringWebDriver.lambda$new$1(EventFiringWebDriver.java:105)
	at com.sun.proxy.$Proxy7.findElement(Unknown Source)
	at org.openqa.selenium.support.events.EventFiringWebDriver.findElement(EventFiringWebDriver.java:194)
	at org.openqa.selenium.support.pagefactory.DefaultElementLocator.findElement(DefaultElementLocator.java:69)
	at org.openqa.selenium.support.pagefactory.internal.LocatingElementHandler.invoke(LocatingElementHandler.java:38)
	at com.sun.proxy.$Proxy11.click(Unknown Source)
	at Com.FreeCrm.qa.pages.ContactsPage.VerifyAddContactBtn(ContactsPage.java:26)
	at com.Freecrm.qa.TestCasees.ContactspageTest.VerifyAddcontactlinkTest(ContactspageTest.java:55)
	at sun.reflect.NativeMethodAccessorImpl.invoke0(Native Method)
	at sun.reflect.NativeMethodAccessorImpl.invoke(NativeMethodAccessorImpl.java:62)
	at sun.reflect.DelegatingMethodAccessorImpl.invoke(DelegatingMethodAccessorImpl.java:43)
	at java.lang.reflect.Method.invoke(Method.java:498)
	at org.testng.internal.MethodInvocationHelper.invokeMethod(MethodInvocationHelper.java:86)
	at org.testng.internal.Invoker.invokeMethod(Invoker.java:645)
	at org.testng.internal.Invoker.invokeTestMethod(Invoker.java:822)
	at org.testng.internal.Invoker.invokeTestMethods(Invoker.java:1130)
	at org.testng.internal.TestMethodWorker.invokeTestMethods(TestMethodWorker.java:129)
	at org.testng.internal.TestMethodWorker.run(TestMethodWorker.java:112)
	at org.testng.TestRunner.privateRun(TestRunner.java:782)
	at org.testng.TestRunner.run(TestRunner.java:632)
	at org.testng.SuiteRunner.runTest(SuiteRunner.java:366)
	at org.testng.SuiteRunner.access$000(SuiteRunner.java:39)
	at org.testng.SuiteRunner$SuiteWorker.run(SuiteRunner.java:400)
	at org.testng.internal.thread.ThreadUtil$2.call(ThreadUtil.java:64)
	at java.util.concurrent.FutureTask.run(FutureTask.java:266)
	at java.util.concurrent.ThreadPoolExecutor.runWorker(ThreadPoolExecutor.java:1149)
	at java.util.concurrent.ThreadPoolExecutor$Worker.run(ThreadPoolExecutor.java:624)
	at java.lang.Thread.run(Thread.java:748)
</pre></div></td>
<td>17</td>
<td>com.Freecrm.qa.TestCasees.ContactspageTest@6a5fc7f7</td></tr>
</table><p>
<table width='100%' border='1' class='invocation-passed'>
<tr><td colspan='4' align='center'><b>PASSED TESTS</b></td></tr>
<tr><td><b>Test method</b></td>
<td width="30%"><b>Exception</b></td>
<td width="10%"><b>Time (seconds)</b></td>
<td><b>Instance</b></td>
</tr>
<tr>
<td title='com.Freecrm.qa.TestCasees.LoginPageTest.UserloginTest()'><b>UserloginTest</b><br>Test class: com.Freecrm.qa.TestCasees.LoginPageTest</td>
<td></td>
<td>1</td>
<td>com.Freecrm.qa.TestCasees.LoginPageTest@6e8dacdf</td></tr>
<tr>
<td title='com.Freecrm.qa.TestCasees.HomepageTest.VerifyContactsLinkTest()'><b>VerifyContactsLinkTest</b><br>Test class: com.Freecrm.qa.TestCasees.HomepageTest</td>
<td></td>
<td>1</td>
<td>com.Freecrm.qa.TestCasees.HomepageTest@3b6eb2ec</td></tr>
<tr>
<td title='com.Freecrm.qa.TestCasees.HomepageTest.VerifyHomepagetitleTest()'><b>VerifyHomepagetitleTest</b><br>Test class: com.Freecrm.qa.TestCasees.HomepageTest</td>
<td></td>
<td>0</td>
<td>com.Freecrm.qa.TestCasees.HomepageTest@3b6eb2ec</td></tr>
<tr>
<td title='com.Freecrm.qa.TestCasees.HomepageTest.VerifyUsernameTest()'><b>VerifyUsernameTest</b><br>Test class: com.Freecrm.qa.TestCasees.HomepageTest</td>
<td></td>
<td>7</td>
<td>com.Freecrm.qa.TestCasees.HomepageTest@3b6eb2ec</td></tr>
<tr>
<td title='com.Freecrm.qa.TestCasees.LoginPageTest.VerifyloginPageTitleTest()'><b>VerifyloginPageTitleTest</b><br>Test class: com.Freecrm.qa.TestCasees.LoginPageTest</td>
<td></td>
<td>0</td>
<td>com.Freecrm.qa.TestCasees.LoginPageTest@6e8dacdf</td></tr>
</table><p>
<table width='100%' border='1' class='invocation-skipped'>
<tr><td colspan='4' align='center'><b>SKIPPED TESTS</b></td></tr>
<tr><td><b>Test method</b></td>
<td width="30%"><b>Exception</b></td>
<td width="10%"><b>Time (seconds)</b></td>
<td><b>Instance</b></td>
</tr>
<tr>
<td title='com.Freecrm.qa.TestCasees.AddNewContactpageTest.ValidateAddnewcontactTest()'><b>ValidateAddnewcontactTest</b><br>Test class: com.Freecrm.qa.TestCasees.AddNewContactpageTest<br>Parameters: tom, peter, tompeter@gmail.com</td>
<td></td>
<td>0</td>
<td>com.Freecrm.qa.TestCasees.AddNewContactpageTest@1e643faf</td></tr>
<tr>
<td title='com.Freecrm.qa.TestCasees.AddNewContactpageTest.ValidateAddnewcontactTest()'><b>ValidateAddnewcontactTest</b><br>Test class: com.Freecrm.qa.TestCasees.AddNewContactpageTest<br>Parameters: David, cris, Davidcris@gmail.com</td>
<td></td>
<td>0</td>
<td>com.Freecrm.qa.TestCasees.AddNewContactpageTest@1e643faf</td></tr>
<tr>
<td title='com.Freecrm.qa.TestCasees.AddNewContactpageTest.ValidateAddnewcontactTest()'><b>ValidateAddnewcontactTest</b><br>Test class: com.Freecrm.qa.TestCasees.AddNewContactpageTest<br>Parameters: Mukta, sharma, Muktasharma@gmail.com</td>
<td></td>
<td>0</td>
<td>com.Freecrm.qa.TestCasees.AddNewContactpageTest@1e643faf</td></tr>
<tr>
<td title='com.Freecrm.qa.TestCasees.HomepageTest.VerifyCalenderpageTest()'><b>VerifyCalenderpageTest</b><br>Test class: com.Freecrm.qa.TestCasees.HomepageTest</td>
<td></td>
<td>0</td>
<td>com.Freecrm.qa.TestCasees.HomepageTest@3b6eb2ec</td></tr>
<tr>
<td title='com.Freecrm.qa.TestCasees.HomepageTest.VerifyDealspageTest()'><b>VerifyDealspageTest</b><br>Test class: com.Freecrm.qa.TestCasees.HomepageTest</td>
<td></td>
<td>0</td>
<td>com.Freecrm.qa.TestCasees.HomepageTest@3b6eb2ec</td></tr>
<tr>
<td title='com.Freecrm.qa.TestCasees.AddNewContactpageTest.VerifyStatusTest()'><b>VerifyStatusTest</b><br>Test class: com.Freecrm.qa.TestCasees.AddNewContactpageTest</td>
<td></td>
<td>0</td>
<td>com.Freecrm.qa.TestCasees.AddNewContactpageTest@1e643faf</td></tr>
<tr>
<td title='com.Freecrm.qa.TestCasees.HomepageTest.VerifyTaskpageTest()'><b>VerifyTaskpageTest</b><br>Test class: com.Freecrm.qa.TestCasees.HomepageTest</td>
<td></td>
<td>0</td>
<td>com.Freecrm.qa.TestCasees.HomepageTest@3b6eb2ec</td></tr>
</table><p>
</body>
</html>